Watching for file changes with StatReloader
Watching for file changes with StatReloader
VIEW: home_page_view
"GET / HTTP/1.1" 200 2849
"GET /admin/ HTTP/1.1" 302 0
"GET /admin/login/?next=/admin/ HTTP/1.1" 200 4162
"POST /admin/login/?next=/admin/ HTTP/1.1" 200 4323
Watching for file changes with StatReloader
"GET /admin/login/?next=/admin/ HTTP/1.1" 200 4162
"POST /admin/login/?next=/admin/ HTTP/1.1" 302 0
"GET /admin/ HTTP/1.1" 200 13124
VIEW: home_page_view
"GET / HTTP/1.1" 200 2849
"GET /diagnosis/? HTTP/1.1" 200 2820
"GET /diagnosis/create/? HTTP/1.1" 200 3413
"GET /clients/? HTTP/1.1" 200 2812
"GET /logout/? HTTP/1.1" 200 2894
"POST /logout/ HTTP/1.1" 302 0
VIEW: home_page_view
"GET / HTTP/1.1" 200 2849
"GET /register/? HTTP/1.1" 200 5026
"POST /register/? HTTP/1.1" 302 0
"GET /profile/ HTTP/1.1" 200 3006
"GET /register/? HTTP/1.1" 200 5026
"POST /register/? HTTP/1.1" 302 0
"GET /profile/ HTTP/1.1" 200 3002
"GET /diagnosis/? HTTP/1.1" 200 2820
"GET /diagnosis/create/? HTTP/1.1" 200 3485
"POST /diagnosis/create/? HTTP/1.1" 302 0
"GET /diagnosis/ HTTP/1.1" 200 2885
"GET /diagnosis/1/ HTTP/1.1" 200 3138
Watching for file changes with StatReloader
VIEW: home_page_view
"GET / HTTP/1.1" 200 2849
Not Found: /404
"GET /404 HTTP/1.1" 404 7888
Watching for file changes with StatReloader
Watching for file changes with StatReloader
VIEW: home_page_view
"GET / HTTP/1.1" 200 2849
Not Found: /a
"GET /a HTTP/1.1" 404 7882
Watching for file changes with StatReloader
VIEW: home_page_view
"GET / HTTP/1.1" 200 2849
Not Found: /aaaa
"GET /aaaa HTTP/1.1" 404 7891
Watching for file changes with StatReloader
VIEW: home_page_view
"GET / HTTP/1.1" 200 2849
Not Found: /aaa
"GET /aaa HTTP/1.1" 404 226
/Users/mac/Desktop/MedicalCenter/medic/views/other_views.py changed, reloading.
Watching for file changes with StatReloader
Not Found: /aaa
"GET /aaa HTTP/1.1" 404 1446
Not Found: /aaa
"GET /aaa HTTP/1.1" 404 1154
VIEW: home_page_view
"GET / HTTP/1.1" 200 2849
Watching for file changes with StatReloader
Not Found: /aaa
"GET /aaa HTTP/1.1" 404 3576
Not Found: /aaa
"GET /aaa HTTP/1.1" 404 3576
Not Found: /aaa
"GET /aaa HTTP/1.1" 404 1154
Not Found: /aa
"GET /aa HTTP/1.1" 404 1154
Not Found: /aa
"GET /aa HTTP/1.1" 404 1153
Not Found: /aa
"GET /aa HTTP/1.1" 404 1153
VIEW: home_page_view
"GET / HTTP/1.1" 200 2849
Watching for file changes with StatReloader
VIEW: home_page_view
"GET / HTTP/1.1" 200 3372
"GET /doctor_categories/? HTTP/1.1" 200 3220
"GET /doctor_specializations/? HTTP/1.1" 200 3232
"GET /doctor_specializations/? HTTP/1.1" 200 3232
"GET /doctor_specializations/? HTTP/1.1" 200 3232
"GET /doctor_categories/? HTTP/1.1" 200 3220
"GET /doctor_specializations/? HTTP/1.1" 200 3232
"GET /departments/? HTTP/1.1" 200 3210
"GET /schedules/? HTTP/1.1" 200 3226
"GET /jokes_and_facts/? HTTP/1.1" 200 3488
"GET /admin/ HTTP/1.1" 302 0
"GET /admin/login/?next=/admin/ HTTP/1.1" 200 3681
"GET /static/admin/js/nav_sidebar.js HTTP/1.1" 200 3063
"GET /static/admin/js/theme.js HTTP/1.1" 200 1943
"POST /admin/login/?next=/admin/ HTTP/1.1" 302 0
"GET /admin/ HTTP/1.1" 200 13124
"GET /admin/medic/doctorcategory/ HTTP/1.1" 200 12305
"GET /admin/jsi18n/ HTTP/1.1" 200 3342
"GET /static/admin/js/jquery.init.js HTTP/1.1" 200 347
"GET /static/admin/js/actions.js HTTP/1.1" 200 8067
"GET /static/admin/js/admin/RelatedObjectLookups.js HTTP/1.1" 200 9042
"GET /static/admin/js/prepopulate.js HTTP/1.1" 200 1531
"GET /static/admin/js/urlify.js HTTP/1.1" 200 7887
"GET /static/admin/js/core.js HTTP/1.1" 200 6208
"GET /admin/jsi18n/ HTTP/1.1" 200 3342
"GET /static/admin/js/vendor/jquery/jquery.js HTTP/1.1" 200 285314
"GET /static/admin/js/vendor/xregexp/xregexp.js HTTP/1.1" 200 325171
"GET /static/admin/js/filters.js HTTP/1.1" 200 978
"GET /admin/medic/doctorcategory/add/ HTTP/1.1" 200 13074
"GET /admin/jsi18n/ HTTP/1.1" 200 3342
"POST /admin/medic/doctorcategory/add/ HTTP/1.1" 302 0
"GET /admin/medic/doctorcategory/ HTTP/1.1" 200 13819
"GET /admin/jsi18n/ HTTP/1.1" 200 3342
"GET /static/admin/img/icon-yes.svg HTTP/1.1" 200 436
"GET /admin/medic/doctorspecialization/ HTTP/1.1" 200 12347
"GET /admin/jsi18n/ HTTP/1.1" 200 3342
"GET /admin/medic/doctorspecialization/add/ HTTP/1.1" 200 13122
"GET /admin/jsi18n/ HTTP/1.1" 200 3342
"POST /admin/medic/doctorspecialization/add/ HTTP/1.1" 302 0
"GET /admin/medic/doctorspecialization/ HTTP/1.1" 200 13879
"GET /admin/jsi18n/ HTTP/1.1" 200 3342
"GET /admin/medic/receptionschedule/ HTTP/1.1" 200 12326
"GET /admin/jsi18n/ HTTP/1.1" 200 3342
"GET /admin/medic/department/ HTTP/1.1" 200 12272
"GET /admin/jsi18n/ HTTP/1.1" 200 3342
"GET /admin/medic/department/add/ HTTP/1.1" 200 13038
"GET /admin/jsi18n/ HTTP/1.1" 200 3342
"POST /admin/medic/department/add/ HTTP/1.1" 302 0
"GET /admin/medic/department/ HTTP/1.1" 200 13748
"GET /admin/jsi18n/ HTTP/1.1" 200 3342
"GET /admin/medic/receptionschedule/ HTTP/1.1" 200 12326
"GET /admin/jsi18n/ HTTP/1.1" 200 3342
"GET /admin/medic/receptionschedule/add/ HTTP/1.1" 200 16216
"GET /admin/jsi18n/ HTTP/1.1" 200 3342
"GET /static/admin/img/icon-viewlink.svg HTTP/1.1" 200 581
"GET /static/admin/img/icon-clock.svg HTTP/1.1" 200 677
"POST /admin/medic/receptionschedule/add/ HTTP/1.1" 302 0
"GET /admin/medic/receptionschedule/ HTTP/1.1" 200 13879
"GET /admin/jsi18n/ HTTP/1.1" 200 3342
VIEW: home_page_view
"GET / HTTP/1.1" 200 3372
"GET /doctor_categories/? HTTP/1.1" 200 3258
"GET /doctor_specializations/? HTTP/1.1" 200 3266
"GET /departments/? HTTP/1.1" 200 3243
"GET /schedules/? HTTP/1.1" 200 3275
"GET /schedules/? HTTP/1.1" 200 3275
"GET /schedules/? HTTP/1.1" 200 3311
Watching for file changes with StatReloader
Watching for file changes with StatReloader
Watching for file changes with StatReloader
Watching for file changes with StatReloader
VIEW: home_page_view
"GET / HTTP/1.1" 200 3484
"GET /favors/? HTTP/1.1" 200 4058
"GET /favors/create/? HTTP/1.1" 200 3859
"POST /favors/create/? HTTP/1.1" 302 0
"GET /favors/ HTTP/1.1" 200 4127
"GET /favors/1/ HTTP/1.1" 200 3976
"GET /favors/create/? HTTP/1.1" 200 3859
"POST /favors/create/? HTTP/1.1" 302 0
"GET /favors/ HTTP/1.1" 200 4196
"GET /favors/?sort=ascending HTTP/1.1" 200 4196
"GET /favors/?sort=descending HTTP/1.1" 200 4196
"GET /favors/?search=2 HTTP/1.1" 200 4127
"GET /orders/? HTTP/1.1" 200 3444
"GET /orders/create/? HTTP/1.1" 200 4355
"POST /orders/create/? HTTP/1.1" 302 0
"GET /orders/ HTTP/1.1" 200 3509
"GET /orders/1/ HTTP/1.1" 200 3891
"GET /admin/ HTTP/1.1" 200 14625
"GET /admin/medic/order/ HTTP/1.1" 200 13537
"GET /admin/jsi18n/ HTTP/1.1" 200 3342
"GET /admin/medic/order/1/change/ HTTP/1.1" 200 18743
"GET /admin/jsi18n/ HTTP/1.1" 200 3342
"GET /static/admin/img/icon-viewlink.svg HTTP/1.1" 304 0
VIEW: home_page_view
"GET / HTTP/1.1" 200 3484
"GET /orders/? HTTP/1.1" 200 3509
"GET /orders/1/ HTTP/1.1" 200 3907
Internal Server Error: /orders/1/update/
Traceback (most recent call last):
  File "/Users/mac/Desktop/MedicalCenter/.venv/lib/python3.10/site-packages/django/core/handlers/exception.py", line 55, in inner
    response = get_response(request)
  File "/Users/mac/Desktop/MedicalCenter/.venv/lib/python3.10/site-packages/django/core/handlers/base.py", line 197, in _get_response
    response = wrapped_callback(request, *callback_args, **callback_kwargs)
  File "/Users/mac/Desktop/MedicalCenter/medic/views/order_views.py", line 80, in order_update
    "employee": order.employee,
AttributeError: 'Order' object has no attribute 'employee'
"GET /orders/1/update/? HTTP/1.1" 500 66133
/Users/mac/Desktop/MedicalCenter/medic/views/order_views.py changed, reloading.
Watching for file changes with StatReloader
/Users/mac/Desktop/MedicalCenter/medic/views/order_views.py changed, reloading.
Watching for file changes with StatReloader
VIEW: home_page_view
"GET / HTTP/1.1" 200 3484
"GET /orders/? HTTP/1.1" 200 3509
"GET /orders/1/ HTTP/1.1" 200 3907
"GET /orders/1/update/? HTTP/1.1" 200 4355
"POST /orders/1/update/? HTTP/1.1" 302 0
"GET /orders/ HTTP/1.1" 200 3509
"GET /orders/1/ HTTP/1.1" 200 3952
Watching for file changes with StatReloader
"GET /orders/1/delete/?csrfmiddlewaretoken=J3nnBMSeAmbk6sNgID7venBjdq8EbST3oUvZ2fvWNYPtPlKyBgyrAet2rXIc7zcC HTTP/1.1" 200 3558
Watching for file changes with StatReloader
VIEW: home_page_view
"GET / HTTP/1.1" 200 3484
Not Found: /favicon.ico
"GET /favicon.ico HTTP/1.1" 404 9216
"GET /admin/ HTTP/1.1" 200 14625
"GET /static/admin/css/dark_mode.css HTTP/1.1" 200 2682
"GET /static/admin/css/dashboard.css HTTP/1.1" 200 441
"GET /static/admin/css/nav_sidebar.css HTTP/1.1" 200 2810
"GET /static/admin/css/base.css HTTP/1.1" 200 21544
"GET /static/admin/css/responsive.css HTTP/1.1" 200 17905
"GET /static/admin/js/theme.js HTTP/1.1" 200 1943
"GET /static/admin/js/nav_sidebar.js HTTP/1.1" 200 3063
"GET /static/admin/img/icon-addlink.svg HTTP/1.1" 200 331
"GET /static/admin/img/icon-changelink.svg HTTP/1.1" 200 380
"GET /admin/medic/plannedvisit/ HTTP/1.1" 200 12291
"GET /static/admin/js/admin/RelatedObjectLookups.js HTTP/1.1" 200 9042
"GET /static/admin/js/urlify.js HTTP/1.1" 200 7887
"GET /static/admin/js/actions.js HTTP/1.1" 200 8067
"GET /static/admin/js/jquery.init.js HTTP/1.1" 200 347
"GET /static/admin/css/changelists.css HTTP/1.1" 200 6811
"GET /admin/jsi18n/ HTTP/1.1" 200 3342
"GET /static/admin/js/vendor/jquery/jquery.js HTTP/1.1" 200 285314
"GET /static/admin/js/core.js HTTP/1.1" 200 6208
"GET /static/admin/js/prepopulate.js HTTP/1.1" 200 1531
"GET /static/admin/js/vendor/xregexp/xregexp.js HTTP/1.1" 200 325171
"GET /static/admin/js/filters.js HTTP/1.1" 200 978
"GET /static/admin/img/tooltag-add.svg HTTP/1.1" 200 331
"GET /admin/medic/client/ HTTP/1.1" 200 14263
"GET /admin/jsi18n/ HTTP/1.1" 200 3342
"GET /admin/medic/companyinfo/ HTTP/1.1" 200 12284
"GET /admin/jsi18n/ HTTP/1.1" 200 3342
"GET /admin/medic/contact/ HTTP/1.1" 200 12251
"GET /admin/jsi18n/ HTTP/1.1" 200 3342
"GET /admin/medic/department/ HTTP/1.1" 200 13543
"GET /admin/jsi18n/ HTTP/1.1" 200 3342
"GET /admin/medic/diagnosis/ HTTP/1.1" 200 13527
"GET /admin/jsi18n/ HTTP/1.1" 200 3342
"GET /admin/medic/doctorcategory/ HTTP/1.1" 200 13600
"GET /admin/jsi18n/ HTTP/1.1" 200 3342
VIEW: home_page_view
"GET / HTTP/1.1" 200 3484
"GET /planned_visit/? HTTP/1.1" 200 3467
"GET /planned_visit/create/? HTTP/1.1" 200 4400
"POST /planned_visit/create/? HTTP/1.1" 302 0
"GET /planned_visit/ HTTP/1.1" 200 3547
"GET /planned_visit/create/? HTTP/1.1" 200 4400
"POST /planned_visit/create/? HTTP/1.1" 302 0
"GET /planned_visit/ HTTP/1.1" 200 3627
"GET /admin/ HTTP/1.1" 200 14625
"GET /admin/medic/plannedvisit/ HTTP/1.1" 200 15470
"GET /admin/jsi18n/ HTTP/1.1" 200 3342
"GET /static/admin/img/sorting-icons.svg HTTP/1.1" 200 1097
/Users/mac/Desktop/MedicalCenter/medic/admin.py changed, reloading.
Watching for file changes with StatReloader
/Users/mac/Desktop/MedicalCenter/medic/admin.py changed, reloading.
Watching for file changes with StatReloader
/Users/mac/Desktop/MedicalCenter/medic/admin.py changed, reloading.
Watching for file changes with StatReloader
/Users/mac/Desktop/MedicalCenter/medic/admin.py changed, reloading.
Watching for file changes with StatReloader
/Users/mac/Desktop/MedicalCenter/medic/admin.py changed, reloading.
Watching for file changes with StatReloader
/Users/mac/Desktop/MedicalCenter/medic/admin.py changed, reloading.
Watching for file changes with StatReloader
/Users/mac/Desktop/MedicalCenter/medic/admin.py changed, reloading.
Watching for file changes with StatReloader
/Users/mac/Desktop/MedicalCenter/medic/admin.py changed, reloading.
Watching for file changes with StatReloader
/Users/mac/Desktop/MedicalCenter/medic/admin.py changed, reloading.
Watching for file changes with StatReloader
"GET /admin/medic/plannedvisit/ HTTP/1.1" 200 15260
"GET /admin/jsi18n/ HTTP/1.1" 200 3342
"GET /admin/medic/plannedvisit/ HTTP/1.1" 200 15260
"GET /admin/jsi18n/ HTTP/1.1" 200 3342
VIEW: home_page_view
"GET / HTTP/1.1" 200 3484
"GET /register/? HTTP/1.1" 200 5661
"POST /register/? HTTP/1.1" 302 0
"GET /profile/ HTTP/1.1" 200 3637
"GET /planned_visit/? HTTP/1.1" 200 3627
"GET /planned_visit/create/? HTTP/1.1" 200 4435
"POST /planned_visit/create/? HTTP/1.1" 302 0
"GET /planned_visit/ HTTP/1.1" 200 3707
"GET /admin/ HTTP/1.1" 302 0
"GET /admin/login/?next=/admin/ HTTP/1.1" 200 3681
"GET /static/admin/css/login.css HTTP/1.1" 200 958
"POST /admin/login/?next=/admin/ HTTP/1.1" 302 0
"GET /admin/ HTTP/1.1" 200 14625
"GET /admin/medic/plannedvisit/ HTTP/1.1" 200 16374
"GET /admin/jsi18n/ HTTP/1.1" 200 3342
"GET /static/admin/img/icon-viewlink.svg HTTP/1.1" 304 0
"GET /admin/medic/plannedvisit/?client__id__exact=1 HTTP/1.1" 200 16294
"GET /admin/jsi18n/ HTTP/1.1" 200 3342
"GET /admin/medic/plannedvisit/?client__id__exact=2 HTTP/1.1" 200 15750
"GET /admin/jsi18n/ HTTP/1.1" 200 3342
"GET /admin/medic/order/ HTTP/1.1" 200 13537
"GET /admin/jsi18n/ HTTP/1.1" 200 3342
Watching for file changes with StatReloader
Matplotlib is building the font cache; this may take a moment.
Failed to extract font properties from /System/Library/Fonts/Supplemental/NISC18030.ttf: In FT2Font: Could not set the fontsize (invalid pixel size; error code 0x17)
Failed to extract font properties from /System/Library/Fonts/Apple Color Emoji.ttc: In FT2Font: Could not set the fontsize (invalid pixel size; error code 0x17)
Failed to extract font properties from /System/Library/Fonts/LastResort.otf: tuple indices must be integers or slices, not str
generated new fontManager
VIEW: home_page_view
Internal Server Error: /
Traceback (most recent call last):
  File "/Users/mac/Desktop/MedicalCenter/.venv/lib/python3.10/site-packages/django/core/handlers/exception.py", line 55, in inner
    response = get_response(request)
  File "/Users/mac/Desktop/MedicalCenter/.venv/lib/python3.10/site-packages/django/core/handlers/base.py", line 197, in _get_response
    response = wrapped_callback(request, *callback_args, **callback_kwargs)
  File "/Users/mac/Desktop/MedicalCenter/medic/views/pages_views.py", line 26, in home_page_view
    return render(request, "pages/home_page.html", context)
  File "/Users/mac/Desktop/MedicalCenter/.venv/lib/python3.10/site-packages/django/shortcuts.py", line 25, in render
    content = loader.render_to_string(template_name, context, request, using=using)
  File "/Users/mac/Desktop/MedicalCenter/.venv/lib/python3.10/site-packages/django/template/loader.py", line 62, in render_to_string
    return template.render(context, request)
  File "/Users/mac/Desktop/MedicalCenter/.venv/lib/python3.10/site-packages/django/template/backends/django.py", line 61, in render
    return self.template.render(context)
  File "/Users/mac/Desktop/MedicalCenter/.venv/lib/python3.10/site-packages/django/template/base.py", line 171, in render
    return self._render(context)
  File "/Users/mac/Desktop/MedicalCenter/.venv/lib/python3.10/site-packages/django/template/base.py", line 163, in _render
    return self.nodelist.render(context)
  File "/Users/mac/Desktop/MedicalCenter/.venv/lib/python3.10/site-packages/django/template/base.py", line 1000, in render
    return SafeString("".join([node.render_annotated(context) for node in self]))
  File "/Users/mac/Desktop/MedicalCenter/.venv/lib/python3.10/site-packages/django/template/base.py", line 1000, in <listcomp>
    return SafeString("".join([node.render_annotated(context) for node in self]))
  File "/Users/mac/Desktop/MedicalCenter/.venv/lib/python3.10/site-packages/django/template/base.py", line 961, in render_annotated
    return self.render(context)
  File "/Users/mac/Desktop/MedicalCenter/.venv/lib/python3.10/site-packages/django/template/loader_tags.py", line 159, in render
    return compiled_parent._render(context)
  File "/Users/mac/Desktop/MedicalCenter/.venv/lib/python3.10/site-packages/django/template/base.py", line 163, in _render
    return self.nodelist.render(context)
  File "/Users/mac/Desktop/MedicalCenter/.venv/lib/python3.10/site-packages/django/template/base.py", line 1000, in render
    return SafeString("".join([node.render_annotated(context) for node in self]))
  File "/Users/mac/Desktop/MedicalCenter/.venv/lib/python3.10/site-packages/django/template/base.py", line 1000, in <listcomp>
    return SafeString("".join([node.render_annotated(context) for node in self]))
  File "/Users/mac/Desktop/MedicalCenter/.venv/lib/python3.10/site-packages/django/template/base.py", line 961, in render_annotated
    return self.render(context)
  File "/Users/mac/Desktop/MedicalCenter/.venv/lib/python3.10/site-packages/django/template/defaulttags.py", line 479, in render
    url = reverse(view_name, args=args, kwargs=kwargs, current_app=current_app)
  File "/Users/mac/Desktop/MedicalCenter/.venv/lib/python3.10/site-packages/django/urls/base.py", line 88, in reverse
    return resolver._reverse_with_prefix(view, prefix, *args, **kwargs)
  File "/Users/mac/Desktop/MedicalCenter/.venv/lib/python3.10/site-packages/django/urls/resolvers.py", line 851, in _reverse_with_prefix
    raise NoReverseMatch(msg)
django.urls.exceptions.NoReverseMatch: Reverse for 'orders_stats' not found. 'orders_stats' is not a valid view function or pattern name.
"GET / HTTP/1.1" 500 142600
/Users/mac/Desktop/MedicalCenter/medic/urls.py changed, reloading.
Watching for file changes with StatReloader
VIEW: home_page_view
"GET / HTTP/1.1" 200 3608
Watching for file changes with StatReloader
"GET /orders_stats HTTP/1.1" 301 0
"GET /orders_stats/ HTTP/1.1" 200 17291
VIEW: home_page_view
"GET / HTTP/1.1" 200 3608
"GET /doctors/? HTTP/1.1" 200 3630
"GET /doctors/1/ HTTP/1.1" 200 3959
"GET /register/? HTTP/1.1" 200 5785
"POST /register/? HTTP/1.1" 302 0
"GET /profile/ HTTP/1.1" 200 3765
"GET /orders/? HTTP/1.1" 200 3633
"GET /orders/create/? HTTP/1.1" 200 4551
"POST /orders/create/? HTTP/1.1" 302 0
"GET /orders/ HTTP/1.1" 200 3698
"GET /orders/? HTTP/1.1" 200 3698
"GET /orders/create/? HTTP/1.1" 200 4551
"GET /favors/? HTTP/1.1" 200 4320
"GET /orders_stats/ HTTP/1.1" 200 18127
Watching for file changes with StatReloader
"GET /orders/? HTTP/1.1" 200 3698
Watching for file changes with StatReloader
Internal Server Error: /orders_stats/
Traceback (most recent call last):
  File "/Users/mac/Desktop/MedicalCenter/.venv/lib/python3.10/site-packages/django/core/handlers/exception.py", line 55, in inner
    response = get_response(request)
  File "/Users/mac/Desktop/MedicalCenter/.venv/lib/python3.10/site-packages/django/core/handlers/base.py", line 197, in _get_response
    response = wrapped_callback(request, *callback_args, **callback_kwargs)
  File "/Users/mac/Desktop/MedicalCenter/medic/views/statistic_views.py", line 35, in orders_stats_view
    return render(request, "your_template.html", {"plot_data": plot_data})
  File "/Users/mac/Desktop/MedicalCenter/.venv/lib/python3.10/site-packages/django/shortcuts.py", line 25, in render
    content = loader.render_to_string(template_name, context, request, using=using)
  File "/Users/mac/Desktop/MedicalCenter/.venv/lib/python3.10/site-packages/django/template/loader.py", line 61, in render_to_string
    template = get_template(template_name, using=using)
  File "/Users/mac/Desktop/MedicalCenter/.venv/lib/python3.10/site-packages/django/template/loader.py", line 19, in get_template
    raise TemplateDoesNotExist(template_name, chain=chain)
django.template.exceptions.TemplateDoesNotExist: your_template.html
"GET /orders_stats/? HTTP/1.1" 500 94786
/Users/mac/Desktop/MedicalCenter/medic/views/statistic_views.py changed, reloading.
Watching for file changes with StatReloader
/Users/mac/Desktop/MedicalCenter/medic/views/statistic_views.py changed, reloading.
Watching for file changes with StatReloader
VIEW: home_page_view
"GET / HTTP/1.1" 200 3608
Internal Server Error: /orders_stats/
Traceback (most recent call last):
  File "/Users/mac/Desktop/MedicalCenter/.venv/lib/python3.10/site-packages/django/core/handlers/exception.py", line 55, in inner
    response = get_response(request)
  File "/Users/mac/Desktop/MedicalCenter/.venv/lib/python3.10/site-packages/django/core/handlers/base.py", line 197, in _get_response
    response = wrapped_callback(request, *callback_args, **callback_kwargs)
  File "/Users/mac/Desktop/MedicalCenter/medic/views/statistic_views.py", line 35, in orders_stats_view
    return render(request, "other/orders_stats.html", {"plot_data": plot_data})
  File "/Users/mac/Desktop/MedicalCenter/.venv/lib/python3.10/site-packages/django/shortcuts.py", line 25, in render
    content = loader.render_to_string(template_name, context, request, using=using)
  File "/Users/mac/Desktop/MedicalCenter/.venv/lib/python3.10/site-packages/django/template/loader.py", line 61, in render_to_string
    template = get_template(template_name, using=using)
  File "/Users/mac/Desktop/MedicalCenter/.venv/lib/python3.10/site-packages/django/template/loader.py", line 15, in get_template
    return engine.get_template(template_name)
  File "/Users/mac/Desktop/MedicalCenter/.venv/lib/python3.10/site-packages/django/template/backends/django.py", line 33, in get_template
    return Template(self.engine.get_template(template_name), self)
  File "/Users/mac/Desktop/MedicalCenter/.venv/lib/python3.10/site-packages/django/template/engine.py", line 177, in get_template
    template, origin = self.find_template(template_name)
  File "/Users/mac/Desktop/MedicalCenter/.venv/lib/python3.10/site-packages/django/template/engine.py", line 159, in find_template
    template = loader.get_template(name, skip=skip)
  File "/Users/mac/Desktop/MedicalCenter/.venv/lib/python3.10/site-packages/django/template/loaders/cached.py", line 57, in get_template
    template = super().get_template(template_name, skip)
  File "/Users/mac/Desktop/MedicalCenter/.venv/lib/python3.10/site-packages/django/template/loaders/base.py", line 28, in get_template
    return Template(
  File "/Users/mac/Desktop/MedicalCenter/.venv/lib/python3.10/site-packages/django/template/base.py", line 154, in __init__
    self.nodelist = self.compile_nodelist()
  File "/Users/mac/Desktop/MedicalCenter/.venv/lib/python3.10/site-packages/django/template/base.py", line 196, in compile_nodelist
    return parser.parse()
  File "/Users/mac/Desktop/MedicalCenter/.venv/lib/python3.10/site-packages/django/template/base.py", line 481, in parse
    raise self.error(token, e)
  File "/Users/mac/Desktop/MedicalCenter/.venv/lib/python3.10/site-packages/django/template/base.py", line 479, in parse
    filter_expression = self.compile_filter(token.contents)
  File "/Users/mac/Desktop/MedicalCenter/.venv/lib/python3.10/site-packages/django/template/base.py", line 597, in compile_filter
    return FilterExpression(token, self)
  File "/Users/mac/Desktop/MedicalCenter/.venv/lib/python3.10/site-packages/django/template/base.py", line 693, in __init__
    filter_func = parser.find_filter(filter_name)
  File "/Users/mac/Desktop/MedicalCenter/.venv/lib/python3.10/site-packages/django/template/base.py", line 603, in find_filter
    raise TemplateSyntaxError("Invalid filter: '%s'" % filter_name)
django.template.exceptions.TemplateSyntaxError: Invalid filter: 'base64'
"GET /orders_stats/? HTTP/1.1" 500 152407
Watching for file changes with StatReloader
"GET /orders_stats/? HTTP/1.1" 200 24366
Internal Server Error: /orders_stats/
Traceback (most recent call last):
  File "/Users/mac/Desktop/MedicalCenter/.venv/lib/python3.10/site-packages/django/core/handlers/exception.py", line 55, in inner
    response = get_response(request)
  File "/Users/mac/Desktop/MedicalCenter/.venv/lib/python3.10/site-packages/django/core/handlers/base.py", line 197, in _get_response
    response = wrapped_callback(request, *callback_args, **callback_kwargs)
  File "/Users/mac/Desktop/MedicalCenter/medic/views/statistic_views.py", line 35, in orders_stats_view
    return render(request, "other/orders_stats.html", {"plot_data": plot_data})
  File "/Users/mac/Desktop/MedicalCenter/.venv/lib/python3.10/site-packages/django/shortcuts.py", line 25, in render
    content = loader.render_to_string(template_name, context, request, using=using)
  File "/Users/mac/Desktop/MedicalCenter/.venv/lib/python3.10/site-packages/django/template/loader.py", line 61, in render_to_string
    template = get_template(template_name, using=using)
  File "/Users/mac/Desktop/MedicalCenter/.venv/lib/python3.10/site-packages/django/template/loader.py", line 15, in get_template
    return engine.get_template(template_name)
  File "/Users/mac/Desktop/MedicalCenter/.venv/lib/python3.10/site-packages/django/template/backends/django.py", line 33, in get_template
    return Template(self.engine.get_template(template_name), self)
  File "/Users/mac/Desktop/MedicalCenter/.venv/lib/python3.10/site-packages/django/template/engine.py", line 177, in get_template
    template, origin = self.find_template(template_name)
  File "/Users/mac/Desktop/MedicalCenter/.venv/lib/python3.10/site-packages/django/template/engine.py", line 159, in find_template
    template = loader.get_template(name, skip=skip)
  File "/Users/mac/Desktop/MedicalCenter/.venv/lib/python3.10/site-packages/django/template/loaders/cached.py", line 57, in get_template
    template = super().get_template(template_name, skip)
  File "/Users/mac/Desktop/MedicalCenter/.venv/lib/python3.10/site-packages/django/template/loaders/base.py", line 28, in get_template
    return Template(
  File "/Users/mac/Desktop/MedicalCenter/.venv/lib/python3.10/site-packages/django/template/base.py", line 154, in __init__
    self.nodelist = self.compile_nodelist()
  File "/Users/mac/Desktop/MedicalCenter/.venv/lib/python3.10/site-packages/django/template/base.py", line 196, in compile_nodelist
    return parser.parse()
  File "/Users/mac/Desktop/MedicalCenter/.venv/lib/python3.10/site-packages/django/template/base.py", line 511, in parse
    self.extend_nodelist(nodelist, compiled_result, token)
  File "/Users/mac/Desktop/MedicalCenter/.venv/lib/python3.10/site-packages/django/template/base.py", line 528, in extend_nodelist
    raise self.error(
django.template.exceptions.TemplateSyntaxError: <ExtendsNode: extends "base.html"> must be the first tag in the template.
"GET /orders_stats/? HTTP/1.1" 500 139770
/Users/mac/Desktop/MedicalCenter/medic/views/statistic_views.py changed, reloading.
Watching for file changes with StatReloader
/Users/mac/Desktop/MedicalCenter/medic/views/statistic_views.py changed, reloading.
Watching for file changes with StatReloader
VIEW: home_page_view
"GET / HTTP/1.1" 200 3608
"GET /orders_stats/? HTTP/1.1" 200 27676
"GET /orders/? HTTP/1.1" 200 3698
"GET /orders_stats/? HTTP/1.1" 200 27676
"GET /orders/? HTTP/1.1" 200 3698
"GET /orders/create/? HTTP/1.1" 200 4551
"POST /orders/create/? HTTP/1.1" 302 0
"GET /orders/ HTTP/1.1" 200 3763
"GET /orders_stats/? HTTP/1.1" 200 27594
Watching for file changes with StatReloader
"GET /orders_stats/? HTTP/1.1" 200 27594
"GET /orders/? HTTP/1.1" 200 3763
"GET /orders/1/ HTTP/1.1" 200 4076
"GET /admin/ HTTP/1.1" 302 0
"GET /admin/login/?next=/admin/ HTTP/1.1" 200 3683
"POST /admin/login/?next=/admin/ HTTP/1.1" 302 0
"GET /admin/ HTTP/1.1" 200 14625
"GET /admin/medic/receptionschedule/ HTTP/1.1" 200 13646
"GET /admin/jsi18n/ HTTP/1.1" 200 3342
"GET /admin/medic/plannedvisit/ HTTP/1.1" 200 16374
"GET /admin/jsi18n/ HTTP/1.1" 200 3342
"GET /admin/medic/plannedvisit/?client__id__exact=1 HTTP/1.1" 200 16294
"GET /admin/jsi18n/ HTTP/1.1" 200 3342
"GET /admin/medic/plannedvisit/?client__id__exact=2 HTTP/1.1" 200 15750
"GET /admin/jsi18n/ HTTP/1.1" 200 3342
/Users/mac/Desktop/MedicalCenter/medic/admin.py changed, reloading.
Watching for file changes with StatReloader
/Users/mac/Desktop/MedicalCenter/medic/admin.py changed, reloading.
Watching for file changes with StatReloader
/Users/mac/Desktop/MedicalCenter/medic/admin.py changed, reloading.
Watching for file changes with StatReloader
/Users/mac/Desktop/MedicalCenter/medic/admin.py changed, reloading.
Watching for file changes with StatReloader
/Users/mac/Desktop/MedicalCenter/medic/admin.py changed, reloading.
Watching for file changes with StatReloader
/Users/mac/Desktop/MedicalCenter/medic/admin.py changed, reloading.
Watching for file changes with StatReloader
/Users/mac/Desktop/MedicalCenter/medic/admin.py changed, reloading.
Watching for file changes with StatReloader
/Users/mac/Desktop/MedicalCenter/medic/admin.py changed, reloading.
Watching for file changes with StatReloader
/Users/mac/Desktop/MedicalCenter/medic/admin.py changed, reloading.
Watching for file changes with StatReloader
/Users/mac/Desktop/MedicalCenter/medic/admin.py changed, reloading.
Watching for file changes with StatReloader
/Users/mac/Desktop/MedicalCenter/medic/admin.py changed, reloading.
Watching for file changes with StatReloader
/Users/mac/Desktop/MedicalCenter/medic/admin.py changed, reloading.
Watching for file changes with StatReloader
/Users/mac/Desktop/MedicalCenter/medic/admin.py changed, reloading.
Watching for file changes with StatReloader
"GET /admin/medic/plannedvisit/?client__id__exact=2 HTTP/1.1" 200 15750
"GET /admin/jsi18n/ HTTP/1.1" 200 3342
"GET /admin/medic/order/ HTTP/1.1" 200 15783
"GET /admin/jsi18n/ HTTP/1.1" 200 3342
"GET /admin/medic/order/?client__id__exact=1 HTTP/1.1" 200 15686
"GET /admin/jsi18n/ HTTP/1.1" 200 3342
"GET /admin/medic/order/?client__id__exact=1 HTTP/1.1" 200 15686
"GET /admin/jsi18n/ HTTP/1.1" 200 3342
"GET /admin/medic/order/?client__id__exact=2 HTTP/1.1" 200 15193
"GET /admin/jsi18n/ HTTP/1.1" 200 3342
Watching for file changes with StatReloader
"GET /admin/medic/plannedvisit/ HTTP/1.1" 200 16374
"GET /admin/jsi18n/ HTTP/1.1" 200 3342
VIEW: home_page_view
"GET / HTTP/1.1" 200 3753
Internal Server Error: /planned_visits_stats/
Traceback (most recent call last):
  File "/Users/mac/Desktop/MedicalCenter/.venv/lib/python3.10/site-packages/django/core/handlers/exception.py", line 55, in inner
    response = get_response(request)
  File "/Users/mac/Desktop/MedicalCenter/.venv/lib/python3.10/site-packages/django/core/handlers/base.py", line 197, in _get_response
    response = wrapped_callback(request, *callback_args, **callback_kwargs)
TypeError: planned_visits_stats_view() missing 2 required positional arguments: 'doctor_id' and 'visit_date'
"GET /planned_visits_stats/? HTTP/1.1" 500 62598
Internal Server Error: /planned_visits_stats/
Traceback (most recent call last):
  File "/Users/mac/Desktop/MedicalCenter/.venv/lib/python3.10/site-packages/django/core/handlers/exception.py", line 55, in inner
    response = get_response(request)
  File "/Users/mac/Desktop/MedicalCenter/.venv/lib/python3.10/site-packages/django/core/handlers/base.py", line 197, in _get_response
    response = wrapped_callback(request, *callback_args, **callback_kwargs)
TypeError: planned_visits_stats_view() missing 2 required positional arguments: 'doctor_id' and 'visit_date'
"GET /planned_visits_stats/? HTTP/1.1" 500 62584
/Users/mac/Desktop/MedicalCenter/medic/views/statistic_views.py changed, reloading.
Watching for file changes with StatReloader
"GET /planned_visits_stats/? HTTP/1.1" 200 663
"GET /planned_visits_stats/? HTTP/1.1" 200 663
"GET /planned_visits_stats/?doctor=1&visit_date=2024-05-20 HTTP/1.1" 200 690
"GET /planned_visits_stats/?visit_date= HTTP/1.1" 200 663
"GET /planned_visits_stats/?doctor=1&visit_date= HTTP/1.1" 200 663
"GET /planned_visits_stats/?doctor=1&visit_date= HTTP/1.1" 200 663
Watching for file changes with StatReloader
VIEW: home_page_view
"GET / HTTP/1.1" 200 3748
"GET /planned_visits_stats/? HTTP/1.1" 200 4147
Watching for file changes with StatReloader
"GET /planned_visits_stats/? HTTP/1.1" 200 4096
"GET /orders_stats/? HTTP/1.1" 200 27734
"GET /planned_visits_stats/? HTTP/1.1" 200 4096
"GET /planned_visits_stats/?doctor=1&visit_date=2024-05-08 HTTP/1.1" 200 3970
"GET /planned_visits_stats/?doctor=2&visit_date=2024-05-08 HTTP/1.1" 200 3970
"GET /planned_visits_stats/?visit_date= HTTP/1.1" 200 4096
"GET /planned_visits_stats/?doctor=1&visit_date= HTTP/1.1" 200 4096
"GET /planned_visits_stats/?doctor=1&visit_date= HTTP/1.1" 200 4096
"GET /planned_visits_stats/?doctor=1&visit_date= HTTP/1.1" 200 4096
"GET /planned_visits_stats/?doctor=1&visit_date=2024-05-02 HTTP/1.1" 200 3970
"GET /planned_visits_stats/?visit_date= HTTP/1.1" 200 4096
"GET /planned_visits_stats/?doctor=1&visit_date= HTTP/1.1" 200 4096
/Users/mac/Desktop/MedicalCenter/medic/views/statistic_views.py changed, reloading.
Watching for file changes with StatReloader
/Users/mac/Desktop/MedicalCenter/medic/views/statistic_views.py changed, reloading.
Watching for file changes with StatReloader
"GET /schedules/? HTTP/1.1" 200 3687
"GET /schedules/? HTTP/1.1" 200 3687
"GET /planned_visits_stats/? HTTP/1.1" 200 4096
"GET /planned_visits_stats/?doctor=1&visit_date=2024-05-10 HTTP/1.1" 200 4096
"GET /planned_visits_stats/?doctor=1&visit_date=2024-05-06 HTTP/1.1" 200 4096
"GET /planned_visits_stats/?doctor=1&visit_date=2024-05-20 HTTP/1.1" 200 4249
Watching for file changes with StatReloader
"GET /orders_stats/? HTTP/1.1" 200 27758
"GET /orders/? HTTP/1.1" 200 3927
"GET /schedules/? HTTP/1.1" 200 3711
"GET /orders/? HTTP/1.1" 200 3927
"GET /departments/? HTTP/1.1" 200 3643
"GET /schedules/? HTTP/1.1" 200 3718
"GET /orders/? HTTP/1.1" 200 3903
"GET /planned_visits_stats/? HTTP/1.1" 200 4096
"GET /orders_stats/? HTTP/1.1" 200 27734
/Users/mac/Desktop/MedicalCenter/medic/views/statistic_views.py changed, reloading.
Watching for file changes with StatReloader
/Users/mac/Desktop/MedicalCenter/medic/views/statistic_views.py changed, reloading.
Watching for file changes with StatReloader
/Users/mac/Desktop/MedicalCenter/medic/views/statistic_views.py changed, reloading.
Watching for file changes with StatReloader
/Users/mac/Desktop/MedicalCenter/medic/views/statistic_views.py changed, reloading.
Watching for file changes with StatReloader
/Users/mac/Desktop/MedicalCenter/medic/views/statistic_views.py changed, reloading.
Watching for file changes with StatReloader
/Users/mac/Desktop/MedicalCenter/medic/urls.py changed, reloading.
Watching for file changes with StatReloader
/Users/mac/Desktop/MedicalCenter/medic/urls.py changed, reloading.
Watching for file changes with StatReloader
/Users/mac/Desktop/MedicalCenter/medic/urls.py changed, reloading.
Watching for file changes with StatReloader
/Users/mac/Desktop/MedicalCenter/medic/urls.py changed, reloading.
Watching for file changes with StatReloader
"GET /orders_stats/? HTTP/1.1" 200 27862
"GET /sales_forecast/? HTTP/1.1" 200 4151
"GET /admin/medic/order/ HTTP/1.1" 200 15783
"GET /admin/jsi18n/ HTTP/1.1" 200 3342
Watching for file changes with StatReloader
Watching for file changes with StatReloader
VIEW: home_page_view
"GET / HTTP/1.1" 200 4135
Not Found: /favicon.ico
"GET /favicon.ico HTTP/1.1" 404 9644
VIEW: home_page_view
"GET /? HTTP/1.1" 200 4135
VIEW: about_page_view
"GET /about/? HTTP/1.1" 200 3959
VIEW: news_page_view
"GET /news/? HTTP/1.1" 200 3982
VIEW: terms_page_view
"GET /terms/? HTTP/1.1" 200 3958
VIEW: contacts_page_view
"GET /contacts/? HTTP/1.1" 200 3959
VIEW: privacy_policy_page_view
"GET /privacy_policy/? HTTP/1.1" 200 3943
"GET /profile/? HTTP/1.1" 200 4276
VIEW: promocodes_page_view
"GET /promocodes/? HTTP/1.1" 200 3965
"GET /clients/? HTTP/1.1" 200 4246
"GET /login/? HTTP/1.1" 200 4609
"GET /admin/ HTTP/1.1" 200 14625
"GET /static/admin/css/base.css HTTP/1.1" 304 0
"GET /static/admin/css/nav_sidebar.css HTTP/1.1" 304 0
"GET /static/admin/css/dark_mode.css HTTP/1.1" 304 0
"GET /static/admin/css/responsive.css HTTP/1.1" 304 0
"GET /static/admin/css/dashboard.css HTTP/1.1" 304 0
"GET /static/admin/js/nav_sidebar.js HTTP/1.1" 304 0
"GET /static/admin/js/theme.js HTTP/1.1" 304 0
"GET /static/admin/img/icon-addlink.svg HTTP/1.1" 304 0
"GET /static/admin/img/icon-changelink.svg HTTP/1.1" 304 0
"GET /admin/medic/user/ HTTP/1.1" 200 14506
"GET /static/admin/css/changelists.css HTTP/1.1" 304 0
"GET /static/admin/js/actions.js HTTP/1.1" 304 0
"GET /static/admin/js/core.js HTTP/1.1" 304 0
"GET /static/admin/js/jquery.init.js HTTP/1.1" 304 0
"GET /static/admin/js/admin/RelatedObjectLookups.js HTTP/1.1" 304 0
"GET /static/admin/js/urlify.js HTTP/1.1" 304 0
"GET /static/admin/js/prepopulate.js HTTP/1.1" 304 0
"GET /admin/jsi18n/ HTTP/1.1" 200 3342
"GET /static/admin/js/vendor/jquery/jquery.js HTTP/1.1" 200 285314
"GET /static/admin/js/vendor/xregexp/xregexp.js HTTP/1.1" 200 325171
"GET /static/admin/js/filters.js HTTP/1.1" 304 0
"GET /static/admin/img/tooltag-add.svg HTTP/1.1" 304 0
"GET /admin/medic/user/4/change/ HTTP/1.1" 200 30648
"GET /static/admin/js/admin/DateTimeShortcuts.js HTTP/1.1" 200 19319
"GET /static/admin/js/prepopulate_init.js HTTP/1.1" 200 586
"GET /static/admin/js/calendar.js HTTP/1.1" 200 9141
"GET /static/admin/css/forms.css HTTP/1.1" 200 9090
"GET /admin/jsi18n/ HTTP/1.1" 200 3342
"GET /static/admin/css/widgets.css HTTP/1.1" 200 11800
"GET /static/admin/js/change_form.js HTTP/1.1" 200 606
"GET /static/admin/img/icon-clock.svg HTTP/1.1" 304 0
"GET /static/admin/img/icon-calendar.svg HTTP/1.1" 200 1086
VIEW: home_page_view
"GET / HTTP/1.1" 200 4135
"GET /login/? HTTP/1.1" 200 4609
"POST /login/? HTTP/1.1" 302 0
"GET /profile/ HTTP/1.1" 200 4288
VIEW: promocodes_page_view
"GET /promocodes/? HTTP/1.1" 200 3965
"GET /clients/? HTTP/1.1" 302 0
VIEW: about_page_view
"GET /about/ HTTP/1.1" 200 3959
"GET /clients/? HTTP/1.1" 302 0
VIEW: about_page_view
"GET /about/ HTTP/1.1" 200 3959
"GET /doctors/? HTTP/1.1" 200 4216
"GET /planned_visit/? HTTP/1.1" 200 4358
"GET /diagnosis/? HTTP/1.1" 302 0
VIEW: about_page_view
"GET /about/ HTTP/1.1" 200 3959
"GET /favors/? HTTP/1.1" 200 4847
"GET /favors/create/? HTTP/1.1" 302 0
VIEW: about_page_view
"GET /about/ HTTP/1.1" 200 3959
"GET /schedules/? HTTP/1.1" 200 4074
"GET /orders_stats/? HTTP/1.1" 302 0
VIEW: about_page_view
"GET /about/ HTTP/1.1" 200 3959
"GET /login/ HTTP/1.1" 200 4609
"POST /login/ HTTP/1.1" 302 0
"GET /profile/ HTTP/1.1" 200 4292
"GET /promocodes/? HTTP/1.1" 302 0
VIEW: about_page_view
"GET /about/ HTTP/1.1" 200 3959
"GET /clients/? HTTP/1.1" 200 4246
"GET /sales_forecast/? HTTP/1.1" 302 0
VIEW: about_page_view
"GET /about/ HTTP/1.1" 200 3959
"GET /favors/create/? HTTP/1.1" 200 4510
VIEW: home_page_view
VIEW: home_page_view
VIEW: about_page_view
VIEW: home_page_view
VIEW: news_page_view
VIEW: about_page_view
VIEW: home_page_view
VIEW: news_page_view
VIEW: about_page_view
VIEW: contacts_page_view
VIEW: home_page_view
VIEW: news_page_view
VIEW: privacy_policy_page_view
VIEW: terms_page_view
VIEW: vacancies_page_view
VIEW: about_page_view
VIEW: contacts_page_view
VIEW: home_page_view
VIEW: news_page_view
VIEW: privacy_policy_page_view
VIEW: terms_page_view
VIEW: vacancies_page_view
VIEW: about_page_view
VIEW: contacts_page_view
VIEW: home_page_view
VIEW: news_page_view
VIEW: privacy_policy_page_view
VIEW: terms_page_view
VIEW: vacancies_page_view
VIEW: about_page_view
VIEW: contacts_page_view
VIEW: home_page_view
VIEW: news_page_view
VIEW: privacy_policy_page_view
VIEW: terms_page_view
VIEW: vacancies_page_view
VIEW: about_page_view
VIEW: contacts_page_view
VIEW: home_page_view
VIEW: news_page_view
VIEW: privacy_policy_page_view
VIEW: terms_page_view
VIEW: vacancies_page_view
VIEW: about_page_view
VIEW: contacts_page_view
VIEW: home_page_view
VIEW: news_page_view
VIEW: privacy_policy_page_view
VIEW: terms_page_view
VIEW: vacancies_page_view
VIEW: about_page_view
VIEW: contacts_page_view
VIEW: home_page_view
VIEW: news_page_view
VIEW: privacy_policy_page_view
VIEW: terms_page_view
VIEW: vacancies_page_view
VIEW: about_page_view
VIEW: contacts_page_view
VIEW: home_page_view
VIEW: news_page_view
VIEW: privacy_policy_page_view
VIEW: terms_page_view
VIEW: vacancies_page_view
VIEW: about_page_view
VIEW: contacts_page_view
VIEW: home_page_view
VIEW: news_page_view
VIEW: privacy_policy_page_view
VIEW: terms_page_view
VIEW: vacancies_page_view
VIEW: about_page_view
VIEW: contacts_page_view
VIEW: home_page_view
VIEW: news_page_view
VIEW: privacy_policy_page_view
VIEW: terms_page_view
VIEW: vacancies_page_view
VIEW: home_page_view
VIEW: about_page_view
VIEW: contacts_page_view
VIEW: home_page_view
VIEW: news_page_view
VIEW: privacy_policy_page_view
VIEW: terms_page_view
VIEW: vacancies_page_view
VIEW: about_page_view
VIEW: contacts_page_view
VIEW: home_page_view
VIEW: news_page_view
VIEW: privacy_policy_page_view
VIEW: terms_page_view
VIEW: vacancies_page_view
VIEW: home_page_view
VIEW: about_page_view
VIEW: contacts_page_view
VIEW: home_page_view
VIEW: news_page_view
VIEW: privacy_policy_page_view
VIEW: terms_page_view
VIEW: vacancies_page_view
VIEW: home_page_view
VIEW: about_page_view
VIEW: contacts_page_view
VIEW: home_page_view
VIEW: news_page_view
VIEW: privacy_policy_page_view
VIEW: terms_page_view
VIEW: vacancies_page_view
Watching for file changes with StatReloader
VIEW: home_page_view
"GET / HTTP/1.1" 200 4135
Not Found: /favicon.ico
"GET /favicon.ico HTTP/1.1" 404 9644
"GET /admin/ HTTP/1.1" 302 0
"GET /admin/login/?next=/admin/ HTTP/1.1" 200 3683
"GET /static/admin/css/base.css HTTP/1.1" 304 0
"GET /static/admin/css/dark_mode.css HTTP/1.1" 304 0
"GET /static/admin/css/nav_sidebar.css HTTP/1.1" 304 0
"GET /static/admin/css/login.css HTTP/1.1" 304 0
"GET /static/admin/css/responsive.css HTTP/1.1" 304 0
"GET /static/admin/js/theme.js HTTP/1.1" 304 0
"GET /static/admin/js/nav_sidebar.js HTTP/1.1" 304 0
"GET /static/admin/js/theme.js HTTP/1.1" 304 0
"GET /static/admin/js/nav_sidebar.js HTTP/1.1" 304 0
"POST /admin/login/?next=/admin/ HTTP/1.1" 302 0
"GET /admin/ HTTP/1.1" 200 14625
"GET /static/admin/css/dashboard.css HTTP/1.1" 304 0
"GET /static/admin/img/icon-addlink.svg HTTP/1.1" 304 0
"GET /static/admin/img/icon-changelink.svg HTTP/1.1" 304 0
"GET /admin/medic/article/ HTTP/1.1" 200 12251
"GET /static/admin/js/vendor/jquery/jquery.js HTTP/1.1" 304 0
"GET /static/admin/css/changelists.css HTTP/1.1" 304 0
"GET /static/admin/js/core.js HTTP/1.1" 304 0
"GET /static/admin/js/admin/RelatedObjectLookups.js HTTP/1.1" 304 0
"GET /static/admin/js/jquery.init.js HTTP/1.1" 304 0
"GET /static/admin/js/actions.js HTTP/1.1" 304 0
"GET /static/admin/js/jquery.init.js HTTP/1.1" 304 0
"GET /static/admin/js/urlify.js HTTP/1.1" 304 0
"GET /admin/jsi18n/ HTTP/1.1" 200 3342
"GET /static/admin/js/core.js HTTP/1.1" 304 0
"GET /static/admin/js/admin/RelatedObjectLookups.js HTTP/1.1" 200 9042
"GET /static/admin/js/vendor/xregexp/xregexp.js HTTP/1.1" 304 0
"GET /static/admin/js/prepopulate.js HTTP/1.1" 304 0
"GET /static/admin/js/actions.js HTTP/1.1" 200 8067
"GET /static/admin/js/vendor/jquery/jquery.js HTTP/1.1" 200 285314
"GET /static/admin/js/filters.js HTTP/1.1" 304 0
"GET /static/admin/js/filters.js HTTP/1.1" 304 0
"GET /static/admin/img/tooltag-add.svg HTTP/1.1" 304 0
"GET /static/admin/js/prepopulate.js HTTP/1.1" 304 0
"GET /static/admin/js/urlify.js HTTP/1.1" 200 7887
"GET /admin/jsi18n/ HTTP/1.1" 200 3342
"GET /static/admin/js/vendor/xregexp/xregexp.js HTTP/1.1" 200 325171
"GET /admin/medic/article/add/ HTTP/1.1" 200 14299
"GET /static/admin/css/forms.css HTTP/1.1" 304 0
"GET /static/admin/js/prepopulate_init.js HTTP/1.1" 304 0
"GET /admin/jsi18n/ HTTP/1.1" 200 3342
"GET /static/admin/js/prepopulate_init.js HTTP/1.1" 200 586
"GET /admin/jsi18n/ HTTP/1.1" 200 3342
"GET /static/admin/css/widgets.css HTTP/1.1" 304 0
"GET /static/admin/js/change_form.js HTTP/1.1" 304 0
"GET /static/admin/js/change_form.js HTTP/1.1" 200 606
"POST /admin/medic/article/add/ HTTP/1.1" 302 0
"GET /admin/medic/article/ HTTP/1.1" 200 13733
"GET /admin/jsi18n/ HTTP/1.1" 200 3342
"GET /admin/jsi18n/ HTTP/1.1" 200 3342
"GET /static/admin/img/icon-yes.svg HTTP/1.1" 304 0
VIEW: home_page_view
"GET / HTTP/1.1" 200 4233
"GET /media/Screenshot_2024-05-21_at_11.11.15.png HTTP/1.1" 200 8842
VIEW: news_page_view
"GET /news/? HTTP/1.1" 200 4304
"GET /media/Screenshot_2024-05-21_at_11.11.15.png HTTP/1.1" 304 0
VIEW: home_page_view
VIEW: about_page_view
VIEW: contacts_page_view
VIEW: home_page_view
VIEW: news_page_view
VIEW: privacy_policy_page_view
VIEW: terms_page_view
VIEW: vacancies_page_view
VIEW: home_page_view
VIEW: about_page_view
VIEW: contacts_page_view
VIEW: home_page_view
VIEW: news_page_view
VIEW: privacy_policy_page_view
VIEW: terms_page_view
VIEW: vacancies_page_view
Watching for file changes with StatReloader
VIEW: home_page_view
"GET / HTTP/1.1" 200 4233
"GET /media/Screenshot_2024-05-21_at_11.11.15.png HTTP/1.1" 304 0
"GET /admin/ HTTP/1.1" 200 14977
"GET /admin/medic/user/ HTTP/1.1" 200 14506
"GET /admin/jsi18n/ HTTP/1.1" 200 3342
"GET /admin/medic/user/1/change/ HTTP/1.1" 200 30637
"GET /static/admin/js/calendar.js HTTP/1.1" 304 0
"GET /static/admin/js/admin/DateTimeShortcuts.js HTTP/1.1" 304 0
"GET /admin/jsi18n/ HTTP/1.1" 200 3342
"GET /static/admin/img/icon-clock.svg HTTP/1.1" 304 0
"GET /static/admin/img/icon-calendar.svg HTTP/1.1" 304 0
Watching for file changes with StatReloader
VIEW: home_page_view
VIEW: about_page_view
VIEW: contacts_page_view
VIEW: home_page_view
VIEW: news_page_view
VIEW: privacy_policy_page_view
VIEW: terms_page_view
VIEW: vacancies_page_view
VIEW: home_page_view
VIEW: about_page_view
VIEW: contacts_page_view
VIEW: home_page_view
VIEW: news_page_view
VIEW: privacy_policy_page_view
VIEW: terms_page_view
VIEW: vacancies_page_view
VIEW: home_page_view
VIEW: about_page_view
VIEW: contacts_page_view
VIEW: home_page_view
VIEW: news_page_view
VIEW: privacy_policy_page_view
VIEW: terms_page_view
VIEW: vacancies_page_view
Internal Server Error: /sales_forecast/
Traceback (most recent call last):
  File "/Users/mac/Desktop/MedicalCenter/.venv/lib/python3.10/site-packages/django/core/handlers/exception.py", line 55, in inner
    response = get_response(request)
  File "/Users/mac/Desktop/MedicalCenter/.venv/lib/python3.10/site-packages/django/core/handlers/base.py", line 197, in _get_response
    response = wrapped_callback(request, *callback_args, **callback_kwargs)
  File "/Users/mac/Desktop/MedicalCenter/medic/decorator.py", line 12, in wrapper
    return view_func(request, *args, **kwargs)
  File "/Users/mac/Desktop/MedicalCenter/medic/views/statistic_views.py", line 85, in sales_forecast_view
    sales_mean = mean(sales_amounts)
  File "/Library/Frameworks/Python.framework/Versions/3.10/lib/python3.10/statistics.py", line 328, in mean
    raise StatisticsError('mean requires at least one data point')
statistics.StatisticsError: mean requires at least one data point
VIEW: home_page_view
VIEW: about_page_view
VIEW: contacts_page_view
VIEW: home_page_view
VIEW: news_page_view
VIEW: privacy_policy_page_view
VIEW: terms_page_view
VIEW: vacancies_page_view
Internal Server Error: /sales_forecast/
Traceback (most recent call last):
  File "/Users/mac/Desktop/MedicalCenter/.venv/lib/python3.10/site-packages/django/core/handlers/exception.py", line 55, in inner
    response = get_response(request)
  File "/Users/mac/Desktop/MedicalCenter/.venv/lib/python3.10/site-packages/django/core/handlers/base.py", line 197, in _get_response
    response = wrapped_callback(request, *callback_args, **callback_kwargs)
  File "/Users/mac/Desktop/MedicalCenter/medic/decorator.py", line 12, in wrapper
    return view_func(request, *args, **kwargs)
  File "/Users/mac/Desktop/MedicalCenter/medic/views/statistic_views.py", line 85, in sales_forecast_view
    sales_mean = mean(sales_amounts)
  File "/Library/Frameworks/Python.framework/Versions/3.10/lib/python3.10/statistics.py", line 328, in mean
    raise StatisticsError('mean requires at least one data point')
statistics.StatisticsError: mean requires at least one data point
VIEW: home_page_view
VIEW: about_page_view
VIEW: contacts_page_view
VIEW: home_page_view
VIEW: news_page_view
VIEW: privacy_policy_page_view
VIEW: terms_page_view
VIEW: vacancies_page_view
VIEW: home_page_view
VIEW: about_page_view
VIEW: contacts_page_view
VIEW: home_page_view
VIEW: news_page_view
VIEW: privacy_policy_page_view
VIEW: terms_page_view
VIEW: vacancies_page_view
VIEW: home_page_view
VIEW: about_page_view
VIEW: contacts_page_view
VIEW: home_page_view
VIEW: news_page_view
VIEW: privacy_policy_page_view
VIEW: terms_page_view
VIEW: vacancies_page_view
Internal Server Error: /sales_forecast/
Traceback (most recent call last):
  File "/Users/mac/Desktop/MedicalCenter/.venv/lib/python3.10/site-packages/django/core/handlers/exception.py", line 55, in inner
    response = get_response(request)
  File "/Users/mac/Desktop/MedicalCenter/.venv/lib/python3.10/site-packages/django/core/handlers/base.py", line 197, in _get_response
    response = wrapped_callback(request, *callback_args, **callback_kwargs)
  File "/Users/mac/Desktop/MedicalCenter/medic/decorator.py", line 12, in wrapper
    return view_func(request, *args, **kwargs)
  File "/Users/mac/Desktop/MedicalCenter/medic/views/statistic_views.py", line 85, in sales_forecast_view
    sales_mean = mean(sales_amounts)
  File "/Library/Frameworks/Python.framework/Versions/3.10/lib/python3.10/statistics.py", line 328, in mean
    raise StatisticsError('mean requires at least one data point')
statistics.StatisticsError: mean requires at least one data point
VIEW: home_page_view
VIEW: about_page_view
VIEW: contacts_page_view
VIEW: home_page_view
VIEW: news_page_view
VIEW: privacy_policy_page_view
VIEW: terms_page_view
VIEW: vacancies_page_view
VIEW: home_page_view
VIEW: about_page_view
VIEW: contacts_page_view
VIEW: home_page_view
VIEW: news_page_view
VIEW: privacy_policy_page_view
VIEW: terms_page_view
VIEW: vacancies_page_view
VIEW: home_page_view
VIEW: about_page_view
VIEW: contacts_page_view
VIEW: home_page_view
VIEW: news_page_view
VIEW: privacy_policy_page_view
VIEW: terms_page_view
VIEW: vacancies_page_view
VIEW: home_page_view
VIEW: about_page_view
VIEW: contacts_page_view
VIEW: home_page_view
VIEW: news_page_view
VIEW: privacy_policy_page_view
VIEW: terms_page_view
VIEW: vacancies_page_view
VIEW: home_page_view
VIEW: about_page_view
VIEW: contacts_page_view
VIEW: home_page_view
VIEW: news_page_view
VIEW: privacy_policy_page_view
VIEW: terms_page_view
VIEW: vacancies_page_view
VIEW: home_page_view
VIEW: about_page_view
VIEW: contacts_page_view
VIEW: home_page_view
VIEW: news_page_view
VIEW: privacy_policy_page_view
VIEW: terms_page_view
VIEW: vacancies_page_view
VIEW: home_page_view
VIEW: about_page_view
VIEW: contacts_page_view
VIEW: home_page_view
VIEW: news_page_view
VIEW: privacy_policy_page_view
VIEW: terms_page_view
VIEW: vacancies_page_view
VIEW: home_page_view
VIEW: about_page_view
VIEW: contacts_page_view
VIEW: home_page_view
VIEW: news_page_view
VIEW: privacy_policy_page_view
VIEW: terms_page_view
VIEW: vacancies_page_view
VIEW: home_page_view
VIEW: about_page_view
VIEW: contacts_page_view
VIEW: home_page_view
VIEW: news_page_view
VIEW: privacy_policy_page_view
VIEW: terms_page_view
VIEW: vacancies_page_view
VIEW: home_page_view
VIEW: about_page_view
VIEW: contacts_page_view
VIEW: home_page_view
VIEW: news_page_view
VIEW: privacy_policy_page_view
VIEW: terms_page_view
VIEW: vacancies_page_view
VIEW: home_page_view
VIEW: about_page_view
VIEW: contacts_page_view
VIEW: home_page_view
VIEW: news_page_view
VIEW: privacy_policy_page_view
VIEW: terms_page_view
VIEW: vacancies_page_view
VIEW: home_page_view
VIEW: about_page_view
VIEW: contacts_page_view
VIEW: home_page_view
VIEW: news_page_view
VIEW: privacy_policy_page_view
VIEW: terms_page_view
VIEW: vacancies_page_view
VIEW: home_page_view
VIEW: about_page_view
VIEW: contacts_page_view
VIEW: home_page_view
VIEW: news_page_view
VIEW: privacy_policy_page_view
VIEW: terms_page_view
VIEW: vacancies_page_view
VIEW: home_page_view
VIEW: about_page_view
VIEW: contacts_page_view
VIEW: home_page_view
VIEW: news_page_view
VIEW: privacy_policy_page_view
VIEW: terms_page_view
VIEW: vacancies_page_view
VIEW: home_page_view
VIEW: about_page_view
VIEW: contacts_page_view
VIEW: home_page_view
VIEW: news_page_view
VIEW: privacy_policy_page_view
VIEW: terms_page_view
VIEW: vacancies_page_view
VIEW: home_page_view
VIEW: about_page_view
VIEW: contacts_page_view
VIEW: home_page_view
VIEW: news_page_view
VIEW: privacy_policy_page_view
VIEW: terms_page_view
VIEW: vacancies_page_view
VIEW: home_page_view
VIEW: about_page_view
VIEW: contacts_page_view
VIEW: home_page_view
VIEW: news_page_view
VIEW: privacy_policy_page_view
VIEW: terms_page_view
VIEW: vacancies_page_view
VIEW: home_page_view
VIEW: about_page_view
VIEW: contacts_page_view
VIEW: home_page_view
VIEW: news_page_view
VIEW: privacy_policy_page_view
VIEW: terms_page_view
VIEW: vacancies_page_view
VIEW: home_page_view
VIEW: about_page_view
VIEW: contacts_page_view
VIEW: home_page_view
VIEW: news_page_view
VIEW: privacy_policy_page_view
VIEW: terms_page_view
VIEW: vacancies_page_view
VIEW: home_page_view
VIEW: about_page_view
VIEW: contacts_page_view
VIEW: home_page_view
VIEW: news_page_view
VIEW: privacy_policy_page_view
VIEW: terms_page_view
VIEW: vacancies_page_view
VIEW: home_page_view
VIEW: about_page_view
VIEW: contacts_page_view
VIEW: home_page_view
VIEW: news_page_view
VIEW: privacy_policy_page_view
VIEW: terms_page_view
VIEW: vacancies_page_view
VIEW: home_page_view
VIEW: about_page_view
VIEW: contacts_page_view
VIEW: home_page_view
VIEW: news_page_view
VIEW: privacy_policy_page_view
VIEW: terms_page_view
VIEW: vacancies_page_view
VIEW: home_page_view
VIEW: about_page_view
VIEW: contacts_page_view
VIEW: home_page_view
VIEW: news_page_view
VIEW: privacy_policy_page_view
VIEW: terms_page_view
VIEW: vacancies_page_view
VIEW: home_page_view
VIEW: about_page_view
VIEW: contacts_page_view
VIEW: home_page_view
VIEW: news_page_view
VIEW: privacy_policy_page_view
VIEW: terms_page_view
VIEW: vacancies_page_view
VIEW: home_page_view
VIEW: about_page_view
VIEW: contacts_page_view
VIEW: home_page_view
VIEW: news_page_view
VIEW: privacy_policy_page_view
VIEW: terms_page_view
VIEW: vacancies_page_view
VIEW: home_page_view
VIEW: about_page_view
VIEW: contacts_page_view
VIEW: home_page_view
VIEW: news_page_view
VIEW: privacy_policy_page_view
VIEW: terms_page_view
VIEW: vacancies_page_view
VIEW: home_page_view
VIEW: about_page_view
VIEW: contacts_page_view
VIEW: home_page_view
VIEW: news_page_view
VIEW: privacy_policy_page_view
VIEW: terms_page_view
VIEW: vacancies_page_view
VIEW: home_page_view
VIEW: about_page_view
VIEW: contacts_page_view
VIEW: home_page_view
VIEW: news_page_view
VIEW: privacy_policy_page_view
VIEW: terms_page_view
VIEW: vacancies_page_view
VIEW: home_page_view
VIEW: about_page_view
VIEW: contacts_page_view
VIEW: home_page_view
VIEW: news_page_view
VIEW: privacy_policy_page_view
VIEW: terms_page_view
VIEW: vacancies_page_view
VIEW: home_page_view
VIEW: about_page_view
VIEW: contacts_page_view
VIEW: home_page_view
VIEW: news_page_view
VIEW: privacy_policy_page_view
VIEW: terms_page_view
VIEW: vacancies_page_view
VIEW: home_page_view
VIEW: about_page_view
VIEW: contacts_page_view
VIEW: home_page_view
VIEW: news_page_view
VIEW: privacy_policy_page_view
VIEW: terms_page_view
VIEW: vacancies_page_view
VIEW: home_page_view
VIEW: about_page_view
VIEW: contacts_page_view
VIEW: home_page_view
VIEW: news_page_view
VIEW: privacy_policy_page_view
VIEW: terms_page_view
VIEW: vacancies_page_view
VIEW: home_page_view
VIEW: about_page_view
VIEW: contacts_page_view
VIEW: home_page_view
VIEW: news_page_view
VIEW: privacy_policy_page_view
VIEW: terms_page_view
VIEW: vacancies_page_view
VIEW: home_page_view
VIEW: about_page_view
VIEW: contacts_page_view
VIEW: home_page_view
VIEW: news_page_view
VIEW: privacy_policy_page_view
VIEW: terms_page_view
VIEW: vacancies_page_view
VIEW: home_page_view
VIEW: about_page_view
VIEW: contacts_page_view
VIEW: home_page_view
VIEW: news_page_view
VIEW: privacy_policy_page_view
VIEW: terms_page_view
VIEW: vacancies_page_view
VIEW: home_page_view
VIEW: about_page_view
VIEW: contacts_page_view
VIEW: home_page_view
VIEW: news_page_view
VIEW: privacy_policy_page_view
VIEW: terms_page_view
VIEW: vacancies_page_view
VIEW: home_page_view
VIEW: about_page_view
VIEW: contacts_page_view
VIEW: home_page_view
VIEW: news_page_view
VIEW: privacy_policy_page_view
VIEW: terms_page_view
VIEW: vacancies_page_view
VIEW: home_page_view
VIEW: about_page_view
VIEW: contacts_page_view
VIEW: home_page_view
VIEW: news_page_view
VIEW: privacy_policy_page_view
VIEW: terms_page_view
VIEW: vacancies_page_view
VIEW: home_page_view
VIEW: about_page_view
VIEW: contacts_page_view
VIEW: home_page_view
VIEW: news_page_view
VIEW: privacy_policy_page_view
VIEW: terms_page_view
VIEW: vacancies_page_view
VIEW: home_page_view
VIEW: about_page_view
VIEW: contacts_page_view
VIEW: home_page_view
VIEW: news_page_view
VIEW: privacy_policy_page_view
VIEW: terms_page_view
VIEW: vacancies_page_view
Watching for file changes with StatReloader
VIEW: home_page_view
"GET / HTTP/1.1" 200 4233
"GET /media/Screenshot_2024-05-21_at_11.11.15.png HTTP/1.1" 200 8842
Not Found: /favicon.ico
"GET /favicon.ico HTTP/1.1" 404 9644
"GET /profile/? HTTP/1.1" 200 4276
"GET /register/? HTTP/1.1" 200 6312
"POST /register/? HTTP/1.1" 302 0
"GET /profile/ HTTP/1.1" 200 4288
"GET /doctor_categories/? HTTP/1.1" 200 4021
"GET /doctor_specializations/? HTTP/1.1" 200 4029
"GET /departments/? HTTP/1.1" 200 4006
"GET /admin/ HTTP/1.1" 302 0
"GET /admin/login/?next=/admin/ HTTP/1.1" 200 3681
"GET /static/admin/css/dark_mode.css HTTP/1.1" 304 0
"GET /static/admin/css/nav_sidebar.css HTTP/1.1" 304 0
"GET /static/admin/css/login.css HTTP/1.1" 304 0
"GET /static/admin/css/base.css HTTP/1.1" 200 21544
"GET /static/admin/css/responsive.css HTTP/1.1" 200 17905
"GET /static/admin/js/theme.js HTTP/1.1" 304 0
"GET /static/admin/js/nav_sidebar.js HTTP/1.1" 304 0
"POST /admin/login/?next=/admin/ HTTP/1.1" 302 0
"GET /admin/ HTTP/1.1" 200 14977
"GET /static/admin/css/dashboard.css HTTP/1.1" 304 0
"GET /static/admin/img/icon-addlink.svg HTTP/1.1" 304 0
"GET /static/admin/img/icon-changelink.svg HTTP/1.1" 304 0
"GET /admin/medic/doctor/ HTTP/1.1" 200 14020
"GET /static/admin/js/admin/RelatedObjectLookups.js HTTP/1.1" 200 9042
"GET /static/admin/js/urlify.js HTTP/1.1" 200 7887
"GET /static/admin/css/changelists.css HTTP/1.1" 304 0
"GET /static/admin/js/jquery.init.js HTTP/1.1" 304 0
"GET /static/admin/js/actions.js HTTP/1.1" 200 8067
"GET /static/admin/js/core.js HTTP/1.1" 304 0
"GET /static/admin/js/prepopulate.js HTTP/1.1" 304 0
"GET /admin/jsi18n/ HTTP/1.1" 200 3342
"GET /static/admin/js/vendor/xregexp/xregexp.js HTTP/1.1" 200 325171
"GET /static/admin/js/vendor/jquery/jquery.js HTTP/1.1" 200 285314
"GET /static/admin/js/filters.js HTTP/1.1" 304 0
"GET /static/admin/img/tooltag-add.svg HTTP/1.1" 304 0
"GET /admin/medic/doctor/3/change/ HTTP/1.1" 200 20858
"GET /static/admin/js/prepopulate_init.js HTTP/1.1" 304 0
"GET /static/admin/css/forms.css HTTP/1.1" 200 9090
"GET /static/admin/js/admin/DateTimeShortcuts.js HTTP/1.1" 200 19319
"GET /admin/jsi18n/ HTTP/1.1" 200 3342
"GET /static/admin/js/calendar.js HTTP/1.1" 200 9141
"GET /static/admin/css/widgets.css HTTP/1.1" 200 11800
"GET /static/admin/img/icon-viewlink.svg HTTP/1.1" 304 0
"GET /static/admin/js/change_form.js HTTP/1.1" 304 0
"GET /static/admin/img/icon-calendar.svg HTTP/1.1" 304 0
"POST /admin/medic/doctor/3/change/ HTTP/1.1" 302 0
"GET /admin/medic/doctor/ HTTP/1.1" 200 14217
"GET /admin/jsi18n/ HTTP/1.1" 200 3342
"GET /static/admin/img/icon-yes.svg HTTP/1.1" 304 0
VIEW: home_page_view
"GET / HTTP/1.1" 200 4233
"GET /login/? HTTP/1.1" 200 4609
"POST /login/? HTTP/1.1" 302 0
"GET /profile/ HTTP/1.1" 200 4288
"GET /register/? HTTP/1.1" 200 6312
"GET /profile/? HTTP/1.1" 200 4288
"GET /profile/? HTTP/1.1" 200 4288
"GET /doctors/? HTTP/1.1" 200 4273
"GET /doctors/3/ HTTP/1.1" 200 4606
"GET /doctors/2/ HTTP/1.1" 200 4593
Watching for file changes with StatReloader
VIEW: home_page_view
"GET / HTTP/1.1" 200 4233
"GET /media/Screenshot_2024-05-21_at_11.11.15.png HTTP/1.1" 304 0
Not Found: /favicon.ico
"GET /favicon.ico HTTP/1.1" 404 9644
VIEW: about_page_view
"GET /about/? HTTP/1.1" 200 3959
